mode: set
transmitter-artemis/service/clientDataService.go:16.84,20.2 1 1
transmitter-artemis/service/clientDataService.go:22.74,24.2 1 1
transmitter-artemis/service/queueService.go:27.171,34.2 1 1
transmitter-artemis/service/queueService.go:36.118,42.16 3 1
transmitter-artemis/service/queueService.go:47.2,50.16 3 1
transmitter-artemis/service/queueService.go:55.2,59.16 3 1
transmitter-artemis/service/queueService.go:63.2,69.16 4 1
transmitter-artemis/service/queueService.go:73.2,74.12 2 1
transmitter-artemis/service/queueService.go:42.16,45.3 2 1
transmitter-artemis/service/queueService.go:50.16,53.3 2 1
transmitter-artemis/service/queueService.go:59.16,62.3 2 1
transmitter-artemis/service/queueService.go:69.16,72.3 2 1
transmitter-artemis/service/queueService.go:77.76,84.16 5 1
transmitter-artemis/service/queueService.go:88.2,88.31 1 1
transmitter-artemis/service/queueService.go:103.2,106.31 3 1
transmitter-artemis/service/queueService.go:84.16,86.3 1 1
transmitter-artemis/service/queueService.go:88.31,89.14 1 1
transmitter-artemis/service/queueService.go:90.21,91.23 1 1
transmitter-artemis/service/queueService.go:92.13,93.21 1 1
transmitter-artemis/service/queueService.go:94.15,95.23 1 1
transmitter-artemis/service/queueService.go:96.28,97.56 1 1
transmitter-artemis/service/queueService.go:98.21,99.50 1 1
transmitter-artemis/service/queueService.go:109.81,112.29 2 1
transmitter-artemis/service/queueService.go:112.29,116.3 3 1
transmitter-artemis/service/queueService.go:116.8,120.3 3 1
transmitter-artemis/service/queueService.go:123.144,131.17 4 1
transmitter-artemis/service/queueService.go:135.2,150.24 13 1
transmitter-artemis/service/queueService.go:131.17,133.3 1 1
