mode: set
transmitter-artemis/service/clientDataService.go:16.84,20.2 1 1
transmitter-artemis/service/clientDataService.go:22.74,24.2 1 1
transmitter-artemis/service/queueService.go:27.171,34.2 1 1
transmitter-artemis/service/queueService.go:36.118,42.16 3 1
transmitter-artemis/service/queueService.go:47.2,50.16 3 1
transmitter-artemis/service/queueService.go:55.2,59.16 3 1
transmitter-artemis/service/queueService.go:63.2,67.16 3 1
transmitter-artemis/service/queueService.go:73.2,74.16 2 1
transmitter-artemis/service/queueService.go:78.2,79.12 2 1
transmitter-artemis/service/queueService.go:42.16,45.3 2 0
transmitter-artemis/service/queueService.go:50.16,53.3 2 1
transmitter-artemis/service/queueService.go:59.16,62.3 2 0
transmitter-artemis/service/queueService.go:67.16,70.3 2 0
transmitter-artemis/service/queueService.go:74.16,77.3 2 0
transmitter-artemis/service/queueService.go:82.76,89.16 5 1
transmitter-artemis/service/queueService.go:94.2,94.31 1 1
transmitter-artemis/service/queueService.go:109.2,112.31 3 1
transmitter-artemis/service/queueService.go:89.16,92.3 2 0
transmitter-artemis/service/queueService.go:94.31,95.14 1 1
transmitter-artemis/service/queueService.go:96.21,97.23 1 1
transmitter-artemis/service/queueService.go:98.13,99.21 1 1
transmitter-artemis/service/queueService.go:100.15,101.23 1 1
transmitter-artemis/service/queueService.go:102.28,103.56 1 1
transmitter-artemis/service/queueService.go:104.21,105.50 1 1
transmitter-artemis/service/queueService.go:115.81,118.29 2 1
transmitter-artemis/service/queueService.go:118.29,122.3 3 1
transmitter-artemis/service/queueService.go:122.8,126.3 3 0
transmitter-artemis/service/queueService.go:129.153,134.16 3 1
transmitter-artemis/service/queueService.go:138.2,140.17 2 1
transmitter-artemis/service/queueService.go:144.2,146.16 3 1
transmitter-artemis/service/queueService.go:150.2,162.29 11 1
transmitter-artemis/service/queueService.go:134.16,136.3 1 0
transmitter-artemis/service/queueService.go:140.17,142.3 1 1
transmitter-artemis/service/queueService.go:146.16,148.3 1 0
